{"/Users/jsonchou/learn/nodejs/bytes-compare/src/index.ts": {"path":"/Users/jsonchou/learn/nodejs/bytes-compare/src/index.ts","statementMap":{"0":{"start":{"line":10,"column":0},"end":{"line":10,"column":26}},"1":{"start":{"line":12,"column":8},"end":{"line":12,"column":14}},"2":{"start":{"line":12,"column":16},"end":{"line":12,"column":21}},"3":{"start":{"line":94,"column":2},"end":{"line":94,"column":8}},"4":{"start":{"line":92,"column":2},"end":{"line":92,"column":7}},"5":{"start":{"line":36,"column":16},"end":{"line":81,"column":1}},"6":{"start":{"line":37,"column":2},"end":{"line":39,"column":null}},"7":{"start":{"line":38,"column":4},"end":{"line":38,"column":17}},"8":{"start":{"line":40,"column":2},"end":{"line":40,"column":39}},"9":{"start":{"line":41,"column":19},"end":{"line":41,"column":43}},"10":{"start":{"line":42,"column":17},"end":{"line":42,"column":31}},"11":{"start":{"line":43,"column":2},"end":{"line":79,"column":null}},"12":{"start":{"line":44,"column":21},"end":{"line":44,"column":67}},"13":{"start":{"line":44,"column":52},"end":{"line":44,"column":64}},"14":{"start":{"line":45,"column":4},"end":{"line":78,"column":null}},"15":{"start":{"line":46,"column":6},"end":{"line":75,"column":null}},"16":{"start":{"line":48,"column":10},"end":{"line":50,"column":null}},"17":{"start":{"line":49,"column":12},"end":{"line":49,"column":24}},"18":{"start":{"line":51,"column":10},"end":{"line":51,"column":23}},"19":{"start":{"line":53,"column":10},"end":{"line":55,"column":null}},"20":{"start":{"line":54,"column":12},"end":{"line":54,"column":24}},"21":{"start":{"line":56,"column":10},"end":{"line":56,"column":23}},"22":{"start":{"line":58,"column":10},"end":{"line":60,"column":null}},"23":{"start":{"line":59,"column":12},"end":{"line":59,"column":24}},"24":{"start":{"line":61,"column":10},"end":{"line":61,"column":23}},"25":{"start":{"line":63,"column":10},"end":{"line":65,"column":null}},"26":{"start":{"line":64,"column":12},"end":{"line":64,"column":24}},"27":{"start":{"line":66,"column":10},"end":{"line":66,"column":23}},"28":{"start":{"line":68,"column":10},"end":{"line":70,"column":null}},"29":{"start":{"line":69,"column":12},"end":{"line":69,"column":24}},"30":{"start":{"line":71,"column":10},"end":{"line":71,"column":23}},"31":{"start":{"line":77,"column":6},"end":{"line":77,"column":19}},"32":{"start":{"line":80,"column":2},"end":{"line":80,"column":15}},"33":{"start":{"line":90,"column":2},"end":{"line":90,"column":9}},"34":{"start":{"line":83,"column":18},"end":{"line":86,"column":null}},"35":{"start":{"line":97,"column":0},"end":{"line":97,"column":28}}},"fnMap":{"0":{"name":"(anonymous_3)","decl":{"start":{"line":36,"column":16},"end":{"line":36,"column":17}},"loc":{"start":{"line":36,"column":45},"end":{"line":81,"column":1}}},"1":{"name":"(anonymous_4)","decl":{"start":{"line":44,"column":37},"end":{"line":44,"column":38}},"loc":{"start":{"line":44,"column":47},"end":{"line":44,"column":55}}}},"branchMap":{"0":{"loc":{"start":{"line":37,"column":2},"end":{"line":39,"column":null}},"type":"if","locations":[{"start":{"line":37,"column":2},"end":{"line":39,"column":null}},{"start":{"line":37,"column":2},"end":{"line":39,"column":null}}]},"1":{"loc":{"start":{"line":43,"column":2},"end":{"line":79,"column":null}},"type":"if","locations":[{"start":{"line":43,"column":2},"end":{"line":79,"column":null}},{"start":{"line":43,"column":2},"end":{"line":79,"column":null}}]},"2":{"loc":{"start":{"line":45,"column":4},"end":{"line":78,"column":null}},"type":"if","locations":[{"start":{"line":45,"column":4},"end":{"line":78,"column":null}},{"start":{"line":45,"column":4},"end":{"line":78,"column":null}}]},"3":{"loc":{"start":{"line":47,"column":8},"end":{"line":51,"column":23}},"type":"switch","locations":[{"start":{"line":47,"column":8},"end":{"line":51,"column":23}},{"start":{"line":52,"column":8},"end":{"line":56,"column":23}},{"start":{"line":57,"column":8},"end":{"line":61,"column":23}},{"start":{"line":62,"column":8},"end":{"line":66,"column":23}},{"start":{"line":67,"column":8},"end":{"line":71,"column":23}}]},"4":{"loc":{"start":{"line":48,"column":10},"end":{"line":50,"column":null}},"type":"if","locations":[{"start":{"line":48,"column":10},"end":{"line":50,"column":null}},{"start":{"line":48,"column":10},"end":{"line":50,"column":null}}]},"5":{"loc":{"start":{"line":53,"column":10},"end":{"line":55,"column":null}},"type":"if","locations":[{"start":{"line":53,"column":10},"end":{"line":55,"column":null}},{"start":{"line":53,"column":10},"end":{"line":55,"column":null}}]},"6":{"loc":{"start":{"line":58,"column":10},"end":{"line":60,"column":null}},"type":"if","locations":[{"start":{"line":58,"column":10},"end":{"line":60,"column":null}},{"start":{"line":58,"column":10},"end":{"line":60,"column":null}}]},"7":{"loc":{"start":{"line":63,"column":10},"end":{"line":65,"column":null}},"type":"if","locations":[{"start":{"line":63,"column":10},"end":{"line":65,"column":null}},{"start":{"line":63,"column":10},"end":{"line":65,"column":null}}]},"8":{"loc":{"start":{"line":68,"column":10},"end":{"line":70,"column":null}},"type":"if","locations":[{"start":{"line":68,"column":10},"end":{"line":70,"column":null}},{"start":{"line":68,"column":10},"end":{"line":70,"column":null}}]}},"s":{"0":1,"1":1,"2":1,"3":1,"4":1,"5":1,"6":34,"7":1,"8":33,"9":33,"10":33,"11":33,"12":31,"13":84,"14":31,"15":30,"16":6,"17":5,"18":1,"19":6,"20":5,"21":1,"22":6,"23":5,"24":1,"25":6,"26":5,"27":1,"28":6,"29":5,"30":1,"31":1,"32":2,"33":1,"34":1,"35":1},"f":{"0":34,"1":84},"b":{"0":[1,33],"1":[31,2],"2":[30,1],"3":[6,6,6,6,6],"4":[5,1],"5":[5,1],"6":[5,1],"7":[5,1],"8":[5,1]}}
,"/Users/jsonchou/learn/nodejs/bytes-compare/src/_utils/index.ts": {"path":"/Users/jsonchou/learn/nodejs/bytes-compare/src/_utils/index.ts","statementMap":{"0":{"start":{"line":3,"column":0},"end":{"line":3,"column":7}},"1":{"start":{"line":6,"column":9},"end":{"line":3,"column":24}},"2":{"start":{"line":7,"column":0},"end":{"line":7,"column":19}}},"fnMap":{},"branchMap":{},"s":{"0":1,"1":1,"2":1},"f":{},"b":{}}
,"/Users/jsonchou/learn/nodejs/bytes-compare/src/_utils/log/index.ts": {"path":"/Users/jsonchou/learn/nodejs/bytes-compare/src/_utils/log/index.ts","statementMap":{"0":{"start":{"line":1,"column":0},"end":{"line":18,"column":null}},"1":{"start":{"line":1,"column":16},"end":{"line":1,"column":30}}},"fnMap":{"0":{"name":"(anonymous_0)","decl":{"start":{"line":1,"column":15},"end":{"line":1,"column":16}},"loc":{"start":{"line":1,"column":15},"end":{"line":18,"column":1}}}},"branchMap":{},"s":{"0":1,"1":12},"f":{"0":4},"b":{}}
}
