TN:
SF:/Users/jsonchou/learn/nodejs/bytes-compare/src/index.ts
FN:36,(anonymous_3)
FN:44,(anonymous_4)
FNF:2
FNH:2
FNDA:34,(anonymous_3)
FNDA:84,(anonymous_4)
DA:10,1
DA:12,1
DA:36,1
DA:37,34
DA:38,1
DA:40,33
DA:41,33
DA:42,33
DA:43,33
DA:44,84
DA:45,31
DA:46,30
DA:48,6
DA:49,5
DA:51,1
DA:53,6
DA:54,5
DA:56,1
DA:58,6
DA:59,5
DA:61,1
DA:63,6
DA:64,5
DA:66,1
DA:68,6
DA:69,5
DA:71,1
DA:77,1
DA:80,2
DA:83,1
DA:90,1
DA:92,1
DA:94,1
DA:97,1
LF:34
LH:34
BRDA:37,0,0,1
BRDA:37,0,1,33
BRDA:43,1,0,31
BRDA:43,1,1,2
BRDA:45,2,0,30
BRDA:45,2,1,1
BRDA:47,3,0,6
BRDA:47,3,1,6
BRDA:47,3,2,6
BRDA:47,3,3,6
BRDA:47,3,4,6
BRDA:48,4,0,5
BRDA:48,4,1,1
BRDA:53,5,0,5
BRDA:53,5,1,1
BRDA:58,6,0,5
BRDA:58,6,1,1
BRDA:63,7,0,5
BRDA:63,7,1,1
BRDA:68,8,0,5
BRDA:68,8,1,1
BRF:21
BRH:21
end_of_record
TN:
SF:/Users/jsonchou/learn/nodejs/bytes-compare/src/_utils/index.ts
FNF:0
FNH:0
DA:3,1
DA:6,1
DA:7,1
LF:3
LH:3
BRF:0
BRH:0
end_of_record
TN:
SF:/Users/jsonchou/learn/nodejs/bytes-compare/src/_utils/log/index.ts
FN:1,(anonymous_0)
FNF:1
FNH:1
FNDA:4,(anonymous_0)
DA:1,12
LF:1
LH:1
BRF:0
BRH:0
end_of_record
